2026-02-20 19:27:49,131 | INFO | django.utils.autoreload | Watching for file changes with StatReloader 
2026-02-20 19:28:20,437 | INFO | django.utils.autoreload | Watching for file changes with StatReloader 
2026-02-20 19:30:28,769 | INFO | django.utils.autoreload | Watching for file changes with StatReloader 
2026-02-20 19:30:51,198 | INFO | django.utils.autoreload | C:\Users\qazws\PycharmProjects\anime_netflix\core\core\settings.py changed, reloading. 
2026-02-20 19:30:54,003 | INFO | django.utils.autoreload | Watching for file changes with StatReloader 
2026-02-20 19:31:38,773 | INFO | django.utils.autoreload | Watching for file changes with StatReloader 
2026-02-20 19:32:40,416 | INFO | django.utils.autoreload | Watching for file changes with StatReloader 
2026-02-20 19:34:49,634 | INFO | django.utils.autoreload | C:\Users\qazws\PycharmProjects\anime_netflix\core\core\settings.py changed, reloading. 
2026-02-20 19:34:50,018 | INFO | django.utils.autoreload | Watching for file changes with StatReloader 
2026-02-20 19:34:52,356 | INFO | django.utils.autoreload | Watching for file changes with StatReloader 
2026-02-20 19:35:10,459 | INFO | django.utils.autoreload | Watching for file changes with StatReloader 
2026-02-20 19:36:12,881 | INFO | django.utils.autoreload | Watching for file changes with StatReloader 
2026-02-20 19:36:48,125 | INFO | mainpage.views | Steins Gate page opened , user=None 
2026-02-20 19:36:48,190 | ERROR | django.request | Internal Server Error: /steins-gate/ 
Traceback (most recent call last):
  File "C:\Users\qazws\PycharmProjects\anime_netflix\.venv\Lib\site-packages\django\db\backends\utils.py", line 105, in _execute
    return self.cursor.execute(sql, params)
           ~~~~~~~~~~~~~~~~~~~^^^^^^^^^^^^^
  File "C:\Users\qazws\PycharmProjects\anime_netflix\.venv\Lib\site-packages\django\db\backends\sqlite3\base.py", line 359, in execute
    return super().execute(query, params)
           ~~~~~~~~~~~~~~~^^^^^^^^^^^^^^^
sqlite3.OperationalError: no such table: mainpage_animedescription

The above exception was the direct cause of the following exception:

Traceback (most recent call last):
  File "C:\Users\qazws\PycharmProjects\anime_netflix\.venv\Lib\site-packages\django\core\handlers\exception.py", line 55, in inner
    response = get_response(request)
  File "C:\Users\qazws\PycharmProjects\anime_netflix\.venv\Lib\site-packages\django\core\handlers\base.py", line 198, in _get_response
    response = wrapped_callback(request, *callback_args, **callback_kwargs)
  File "C:\Users\qazws\PycharmProjects\anime_netflix\core\mainpage\views.py", line 35, in steins_gate_page
    return _anime_page(request, "Steins;Gate", "steins-gate_page.html")
  File "C:\Users\qazws\PycharmProjects\anime_netflix\core\mainpage\views.py", line 11, in _anime_page
    anime, _ = AnimeDescription.objects.get_or_create(name=anime_name,defaults=ANIME_DEFAULTS[anime_name],)
               ~~~~~~~~~~~~~~~~~~~~~~~~~~~~~~~~~~~~~~^^^^^^^^^^^^^^^^^^^^^^^^^^^^^^^^^^^^^^^^^^^^^^^^^^^^^^
  File "C:\Users\qazws\PycharmProjects\anime_netflix\.venv\Lib\site-packages\django\db\models\manager.py", line 87, in manager_method
    return getattr(self.get_queryset(), name)(*args, **kwargs)
           ~~~~~~~~~~~~~~~~~~~~~~~~~~~~~~~~~~^^^^^^^^^^^^^^^^^
  File "C:\Users\qazws\PycharmProjects\anime_netflix\.venv\Lib\site-packages\django\db\models\query.py", line 987, in get_or_create
    return self.get(**kwargs), False
           ~~~~~~~~^^^^^^^^^^
  File "C:\Users\qazws\PycharmProjects\anime_netflix\.venv\Lib\site-packages\django\db\models\query.py", line 635, in get
    num = len(clone)
  File "C:\Users\qazws\PycharmProjects\anime_netflix\.venv\Lib\site-packages\django\db\models\query.py", line 372, in __len__
    self._fetch_all()
    ~~~~~~~~~~~~~~~^^
  File "C:\Users\qazws\PycharmProjects\anime_netflix\.venv\Lib\site-packages\django\db\models\query.py", line 2000, in _fetch_all
    self._result_cache = list(self._iterable_class(self))
                         ~~~~^^^^^^^^^^^^^^^^^^^^^^^^^^^^
  File "C:\Users\qazws\PycharmProjects\anime_netflix\.venv\Lib\site-packages\django\db\models\query.py", line 95, in __iter__
    results = compiler.execute_sql(
        chunked_fetch=self.chunked_fetch, chunk_size=self.chunk_size
    )
  File "C:\Users\qazws\PycharmProjects\anime_netflix\.venv\Lib\site-packages\django\db\models\sql\compiler.py", line 1624, in execute_sql
    cursor.execute(sql, params)
    ~~~~~~~~~~~~~~^^^^^^^^^^^^^
  File "C:\Users\qazws\PycharmProjects\anime_netflix\.venv\Lib\site-packages\django\db\backends\utils.py", line 122, in execute
    return super().execute(sql, params)
           ~~~~~~~~~~~~~~~^^^^^^^^^^^^^
  File "C:\Users\qazws\PycharmProjects\anime_netflix\.venv\Lib\site-packages\django\db\backends\utils.py", line 79, in execute
    return self._execute_with_wrappers(
           ~~~~~~~~~~~~~~~~~~~~~~~~~~~^
        sql, params, many=False, executor=self._execute
        ^^^^^^^^^^^^^^^^^^^^^^^^^^^^^^^^^^^^^^^^^^^^^^^
    )
    ^
  File "C:\Users\qazws\PycharmProjects\anime_netflix\.venv\Lib\site-packages\django\db\backends\utils.py", line 92, in _execute_with_wrappers
    return executor(sql, params, many, context)
  File "C:\Users\qazws\PycharmProjects\anime_netflix\.venv\Lib\site-packages\django\db\backends\utils.py", line 100, in _execute
    with self.db.wrap_database_errors:
         ^^^^^^^^^^^^^^^^^^^^^^^^^^^^
  File "C:\Users\qazws\PycharmProjects\anime_netflix\.venv\Lib\site-packages\django\db\utils.py", line 94, in __exit__
    raise dj_exc_value.with_traceback(traceback) from exc_value
  File "C:\Users\qazws\PycharmProjects\anime_netflix\.venv\Lib\site-packages\django\db\backends\utils.py", line 105, in _execute
    return self.cursor.execute(sql, params)
           ~~~~~~~~~~~~~~~~~~~^^^^^^^^^^^^^
  File "C:\Users\qazws\PycharmProjects\anime_netflix\.venv\Lib\site-packages\django\db\backends\sqlite3\base.py", line 359, in execute
    return super().execute(query, params)
           ~~~~~~~~~~~~~~~^^^^^^^^^^^^^^^
django.db.utils.OperationalError: no such table: mainpage_animedescription
2026-02-20 19:36:48,362 | WARNING | django.request | Not Found: /favicon.ico 
2026-02-20 19:37:11,851 | INFO | django.utils.autoreload | Watching for file changes with StatReloader 
2026-02-20 19:37:18,262 | INFO | mainpage.views | Steins Gate page opened , user=None 
2026-02-20 19:37:28,838 | INFO | mainpage.views | Steins Gate zero page opened , user=None 
2026-02-20 19:37:30,334 | INFO | mainpage.views | Steins Gate: Load Region of Deja Vu page opened, user=None 
2026-02-20 19:37:31,873 | INFO | mainpage.views | Steins Gate: Kyoukaimenjou no Missing Link, user=None 
2026-02-20 19:37:32,752 | INFO | users.views | Registration page opened 
2026-02-20 19:37:35,167 | INFO | mainpage.views | Steins Gate zero page opened , user=None 
2026-02-20 19:40:36,973 | INFO | django.utils.autoreload | Watching for file changes with StatReloader 
2026-02-20 19:41:09,755 | INFO | django.utils.autoreload | Watching for file changes with StatReloader 
2026-02-20 19:45:22,259 | INFO | mainpage.views | Steins Gate page opened , user=None 
2026-02-20 19:45:31,443 | INFO | mainpage.views | Steins Gate page opened , user=None 
2026-02-20 19:45:36,536 | INFO | mainpage.views | Steins Gate page opened , user=None 
2026-02-20 19:45:50,968 | ERROR | django.request | Internal Server Error: /steins-gate/ 
Traceback (most recent call last):
  File "C:\Users\qazws\PycharmProjects\anime_netflix\.venv\Lib\site-packages\django\db\backends\base\base.py", line 279, in ensure_connection
    self.connect()
    ~~~~~~~~~~~~^^
  File "C:\Users\qazws\PycharmProjects\anime_netflix\.venv\Lib\site-packages\django\utils\asyncio.py", line 26, in inner
    return func(*args, **kwargs)
  File "C:\Users\qazws\PycharmProjects\anime_netflix\.venv\Lib\site-packages\django\db\backends\base\base.py", line 256, in connect
    self.connection = self.get_new_connection(conn_params)
                      ~~~~~~~~~~~~~~~~~~~~~~~^^^^^^^^^^^^^
  File "C:\Users\qazws\PycharmProjects\anime_netflix\.venv\Lib\site-packages\django\utils\asyncio.py", line 26, in inner
    return func(*args, **kwargs)
  File "C:\Users\qazws\PycharmProjects\anime_netflix\.venv\Lib\site-packages\django\db\backends\postgresql\base.py", line 333, in get_new_connection
    connection = self.Database.connect(**conn_params)
  File "C:\Users\qazws\PycharmProjects\anime_netflix\.venv\Lib\site-packages\psycopg2\__init__.py", line 135, in connect
    conn = _connect(dsn, connection_factory=connection_factory, **kwasync)
psycopg2.OperationalError: connection to server at "localhost" (::1), port 5432 failed: Connection refused (0x0000274D/10061)
	Is the server running on that host and accepting TCP/IP connections?
connection to server at "localhost" (127.0.0.1), port 5432 failed: Connection refused (0x0000274D/10061)
	Is the server running on that host and accepting TCP/IP connections?


The above exception was the direct cause of the following exception:

Traceback (most recent call last):
  File "C:\Users\qazws\PycharmProjects\anime_netflix\.venv\Lib\site-packages\asgiref\sync.py", line 557, in thread_handler
    raise exc_info[1]
  File "C:\Users\qazws\PycharmProjects\anime_netflix\.venv\Lib\site-packages\django\core\handlers\exception.py", line 42, in inner
    response = await get_response(request)
               ^^^^^^^^^^^^^^^^^^^^^^^^^^^
  File "C:\Users\qazws\PycharmProjects\anime_netflix\.venv\Lib\site-packages\asgiref\sync.py", line 557, in thread_handler
    raise exc_info[1]
  File "C:\Users\qazws\PycharmProjects\anime_netflix\.venv\Lib\site-packages\django\core\handlers\base.py", line 254, in _get_response_async
    response = await wrapped_callback(
               ^^^^^^^^^^^^^^^^^^^^^^^
        request, *callback_args, **callback_kwargs
        ^^^^^^^^^^^^^^^^^^^^^^^^^^^^^^^^^^^^^^^^^^
    )
    ^
  File "C:\Users\qazws\PycharmProjects\anime_netflix\.venv\Lib\site-packages\asgiref\sync.py", line 506, in __call__
    ret = await asyncio.shield(exec_coro)
          ^^^^^^^^^^^^^^^^^^^^^^^^^^^^^^^
  File "C:\Users\qazws\PycharmProjects\anime_netflix\.venv\Lib\site-packages\asgiref\current_thread_executor.py", line 40, in run
    result = self.fn(*self.args, **self.kwargs)
  File "C:\Users\qazws\PycharmProjects\anime_netflix\.venv\Lib\site-packages\asgiref\sync.py", line 561, in thread_handler
    return func(*args, **kwargs)
  File "C:\Users\qazws\PycharmProjects\anime_netflix\project\mainpage\views.py", line 35, in steins_gate_page
    return _anime_page(request, "Steins;Gate", "steins-gate_page.html")
  File "C:\Users\qazws\PycharmProjects\anime_netflix\project\mainpage\views.py", line 11, in _anime_page
    anime, _ = AnimeDescription.objects.get_or_create(name=anime_name,defaults=ANIME_DEFAULTS[anime_name],)
               ~~~~~~~~~~~~~~~~~~~~~~~~~~~~~~~~~~~~~~^^^^^^^^^^^^^^^^^^^^^^^^^^^^^^^^^^^^^^^^^^^^^^^^^^^^^^
  File "C:\Users\qazws\PycharmProjects\anime_netflix\.venv\Lib\site-packages\django\db\models\manager.py", line 87, in manager_method
    return getattr(self.get_queryset(), name)(*args, **kwargs)
           ~~~~~~~~~~~~~~~~~~~~~~~~~~~~~~~~~~^^^^^^^^^^^^^^^^^
  File "C:\Users\qazws\PycharmProjects\anime_netflix\.venv\Lib\site-packages\django\db\models\query.py", line 987, in get_or_create
    return self.get(**kwargs), False
           ~~~~~~~~^^^^^^^^^^
  File "C:\Users\qazws\PycharmProjects\anime_netflix\.venv\Lib\site-packages\django\db\models\query.py", line 635, in get
    num = len(clone)
  File "C:\Users\qazws\PycharmProjects\anime_netflix\.venv\Lib\site-packages\django\db\models\query.py", line 372, in __len__
    self._fetch_all()
    ~~~~~~~~~~~~~~~^^
  File "C:\Users\qazws\PycharmProjects\anime_netflix\.venv\Lib\site-packages\django\db\models\query.py", line 2000, in _fetch_all
    self._result_cache = list(self._iterable_class(self))
                         ~~~~^^^^^^^^^^^^^^^^^^^^^^^^^^^^
  File "C:\Users\qazws\PycharmProjects\anime_netflix\.venv\Lib\site-packages\django\db\models\query.py", line 95, in __iter__
    results = compiler.execute_sql(
        chunked_fetch=self.chunked_fetch, chunk_size=self.chunk_size
    )
  File "C:\Users\qazws\PycharmProjects\anime_netflix\.venv\Lib\site-packages\django\db\models\sql\compiler.py", line 1622, in execute_sql
    cursor = self.connection.cursor()
  File "C:\Users\qazws\PycharmProjects\anime_netflix\.venv\Lib\site-packages\django\utils\asyncio.py", line 26, in inner
    return func(*args, **kwargs)
  File "C:\Users\qazws\PycharmProjects\anime_netflix\.venv\Lib\site-packages\django\db\backends\base\base.py", line 320, in cursor
    return self._cursor()
           ~~~~~~~~~~~~^^
  File "C:\Users\qazws\PycharmProjects\anime_netflix\.venv\Lib\site-packages\django\db\backends\base\base.py", line 296, in _cursor
    self.ensure_connection()
    ~~~~~~~~~~~~~~~~~~~~~~^^
  File "C:\Users\qazws\PycharmProjects\anime_netflix\.venv\Lib\site-packages\django\utils\asyncio.py", line 26, in inner
    return func(*args, **kwargs)
  File "C:\Users\qazws\PycharmProjects\anime_netflix\.venv\Lib\site-packages\django\db\backends\base\base.py", line 278, in ensure_connection
    with self.wrap_database_errors:
         ^^^^^^^^^^^^^^^^^^^^^^^^^
  File "C:\Users\qazws\PycharmProjects\anime_netflix\.venv\Lib\site-packages\django\db\utils.py", line 94, in __exit__
    raise dj_exc_value.with_traceback(traceback) from exc_value
  File "C:\Users\qazws\PycharmProjects\anime_netflix\.venv\Lib\site-packages\django\db\backends\base\base.py", line 279, in ensure_connection
    self.connect()
    ~~~~~~~~~~~~^^
  File "C:\Users\qazws\PycharmProjects\anime_netflix\.venv\Lib\site-packages\django\utils\asyncio.py", line 26, in inner
    return func(*args, **kwargs)
  File "C:\Users\qazws\PycharmProjects\anime_netflix\.venv\Lib\site-packages\django\db\backends\base\base.py", line 256, in connect
    self.connection = self.get_new_connection(conn_params)
                      ~~~~~~~~~~~~~~~~~~~~~~~^^^^^^^^^^^^^
  File "C:\Users\qazws\PycharmProjects\anime_netflix\.venv\Lib\site-packages\django\utils\asyncio.py", line 26, in inner
    return func(*args, **kwargs)
  File "C:\Users\qazws\PycharmProjects\anime_netflix\.venv\Lib\site-packages\django\db\backends\postgresql\base.py", line 333, in get_new_connection
    connection = self.Database.connect(**conn_params)
  File "C:\Users\qazws\PycharmProjects\anime_netflix\.venv\Lib\site-packages\psycopg2\__init__.py", line 135, in connect
    conn = _connect(dsn, connection_factory=connection_factory, **kwasync)
django.db.utils.OperationalError: connection to server at "localhost" (::1), port 5432 failed: Connection refused (0x0000274D/10061)
	Is the server running on that host and accepting TCP/IP connections?
connection to server at "localhost" (127.0.0.1), port 5432 failed: Connection refused (0x0000274D/10061)
	Is the server running on that host and accepting TCP/IP connections?

2026-02-20 19:46:00,126 | ERROR | django.request | Internal Server Error: /steins-gate/ 
Traceback (most recent call last):
  File "C:\Users\qazws\PycharmProjects\anime_netflix\.venv\Lib\site-packages\django\db\backends\base\base.py", line 279, in ensure_connection
    self.connect()
    ~~~~~~~~~~~~^^
  File "C:\Users\qazws\PycharmProjects\anime_netflix\.venv\Lib\site-packages\django\utils\asyncio.py", line 26, in inner
    return func(*args, **kwargs)
  File "C:\Users\qazws\PycharmProjects\anime_netflix\.venv\Lib\site-packages\django\db\backends\base\base.py", line 256, in connect
    self.connection = self.get_new_connection(conn_params)
                      ~~~~~~~~~~~~~~~~~~~~~~~^^^^^^^^^^^^^
  File "C:\Users\qazws\PycharmProjects\anime_netflix\.venv\Lib\site-packages\django\utils\asyncio.py", line 26, in inner
    return func(*args, **kwargs)
  File "C:\Users\qazws\PycharmProjects\anime_netflix\.venv\Lib\site-packages\django\db\backends\postgresql\base.py", line 333, in get_new_connection
    connection = self.Database.connect(**conn_params)
  File "C:\Users\qazws\PycharmProjects\anime_netflix\.venv\Lib\site-packages\psycopg2\__init__.py", line 135, in connect
    conn = _connect(dsn, connection_factory=connection_factory, **kwasync)
psycopg2.OperationalError: connection to server at "localhost" (::1), port 5432 failed: Connection refused (0x0000274D/10061)
	Is the server running on that host and accepting TCP/IP connections?
connection to server at "localhost" (127.0.0.1), port 5432 failed: Connection refused (0x0000274D/10061)
	Is the server running on that host and accepting TCP/IP connections?


The above exception was the direct cause of the following exception:

Traceback (most recent call last):
  File "C:\Users\qazws\PycharmProjects\anime_netflix\.venv\Lib\site-packages\asgiref\sync.py", line 557, in thread_handler
    raise exc_info[1]
  File "C:\Users\qazws\PycharmProjects\anime_netflix\.venv\Lib\site-packages\django\core\handlers\exception.py", line 42, in inner
    response = await get_response(request)
               ^^^^^^^^^^^^^^^^^^^^^^^^^^^
  File "C:\Users\qazws\PycharmProjects\anime_netflix\.venv\Lib\site-packages\asgiref\sync.py", line 557, in thread_handler
    raise exc_info[1]
  File "C:\Users\qazws\PycharmProjects\anime_netflix\.venv\Lib\site-packages\django\core\handlers\base.py", line 254, in _get_response_async
    response = await wrapped_callback(
               ^^^^^^^^^^^^^^^^^^^^^^^
        request, *callback_args, **callback_kwargs
        ^^^^^^^^^^^^^^^^^^^^^^^^^^^^^^^^^^^^^^^^^^
    )
    ^
  File "C:\Users\qazws\PycharmProjects\anime_netflix\.venv\Lib\site-packages\asgiref\sync.py", line 506, in __call__
    ret = await asyncio.shield(exec_coro)
          ^^^^^^^^^^^^^^^^^^^^^^^^^^^^^^^
  File "C:\Users\qazws\PycharmProjects\anime_netflix\.venv\Lib\site-packages\asgiref\current_thread_executor.py", line 40, in run
    result = self.fn(*self.args, **self.kwargs)
  File "C:\Users\qazws\PycharmProjects\anime_netflix\.venv\Lib\site-packages\asgiref\sync.py", line 561, in thread_handler
    return func(*args, **kwargs)
  File "C:\Users\qazws\PycharmProjects\anime_netflix\project\mainpage\views.py", line 35, in steins_gate_page
    return _anime_page(request, "Steins;Gate", "steins-gate_page.html")
  File "C:\Users\qazws\PycharmProjects\anime_netflix\project\mainpage\views.py", line 11, in _anime_page
    anime, _ = AnimeDescription.objects.get_or_create(name=anime_name,defaults=ANIME_DEFAULTS[anime_name],)
               ~~~~~~~~~~~~~~~~~~~~~~~~~~~~~~~~~~~~~~^^^^^^^^^^^^^^^^^^^^^^^^^^^^^^^^^^^^^^^^^^^^^^^^^^^^^^
  File "C:\Users\qazws\PycharmProjects\anime_netflix\.venv\Lib\site-packages\django\db\models\manager.py", line 87, in manager_method
    return getattr(self.get_queryset(), name)(*args, **kwargs)
           ~~~~~~~~~~~~~~~~~~~~~~~~~~~~~~~~~~^^^^^^^^^^^^^^^^^
  File "C:\Users\qazws\PycharmProjects\anime_netflix\.venv\Lib\site-packages\django\db\models\query.py", line 987, in get_or_create
    return self.get(**kwargs), False
           ~~~~~~~~^^^^^^^^^^
  File "C:\Users\qazws\PycharmProjects\anime_netflix\.venv\Lib\site-packages\django\db\models\query.py", line 635, in get
    num = len(clone)
  File "C:\Users\qazws\PycharmProjects\anime_netflix\.venv\Lib\site-packages\django\db\models\query.py", line 372, in __len__
    self._fetch_all()
    ~~~~~~~~~~~~~~~^^
  File "C:\Users\qazws\PycharmProjects\anime_netflix\.venv\Lib\site-packages\django\db\models\query.py", line 2000, in _fetch_all
    self._result_cache = list(self._iterable_class(self))
                         ~~~~^^^^^^^^^^^^^^^^^^^^^^^^^^^^
  File "C:\Users\qazws\PycharmProjects\anime_netflix\.venv\Lib\site-packages\django\db\models\query.py", line 95, in __iter__
    results = compiler.execute_sql(
        chunked_fetch=self.chunked_fetch, chunk_size=self.chunk_size
    )
  File "C:\Users\qazws\PycharmProjects\anime_netflix\.venv\Lib\site-packages\django\db\models\sql\compiler.py", line 1622, in execute_sql
    cursor = self.connection.cursor()
  File "C:\Users\qazws\PycharmProjects\anime_netflix\.venv\Lib\site-packages\django\utils\asyncio.py", line 26, in inner
    return func(*args, **kwargs)
  File "C:\Users\qazws\PycharmProjects\anime_netflix\.venv\Lib\site-packages\django\db\backends\base\base.py", line 320, in cursor
    return self._cursor()
           ~~~~~~~~~~~~^^
  File "C:\Users\qazws\PycharmProjects\anime_netflix\.venv\Lib\site-packages\django\db\backends\base\base.py", line 296, in _cursor
    self.ensure_connection()
    ~~~~~~~~~~~~~~~~~~~~~~^^
  File "C:\Users\qazws\PycharmProjects\anime_netflix\.venv\Lib\site-packages\django\utils\asyncio.py", line 26, in inner
    return func(*args, **kwargs)
  File "C:\Users\qazws\PycharmProjects\anime_netflix\.venv\Lib\site-packages\django\db\backends\base\base.py", line 278, in ensure_connection
    with self.wrap_database_errors:
         ^^^^^^^^^^^^^^^^^^^^^^^^^
  File "C:\Users\qazws\PycharmProjects\anime_netflix\.venv\Lib\site-packages\django\db\utils.py", line 94, in __exit__
    raise dj_exc_value.with_traceback(traceback) from exc_value
  File "C:\Users\qazws\PycharmProjects\anime_netflix\.venv\Lib\site-packages\django\db\backends\base\base.py", line 279, in ensure_connection
    self.connect()
    ~~~~~~~~~~~~^^
  File "C:\Users\qazws\PycharmProjects\anime_netflix\.venv\Lib\site-packages\django\utils\asyncio.py", line 26, in inner
    return func(*args, **kwargs)
  File "C:\Users\qazws\PycharmProjects\anime_netflix\.venv\Lib\site-packages\django\db\backends\base\base.py", line 256, in connect
    self.connection = self.get_new_connection(conn_params)
                      ~~~~~~~~~~~~~~~~~~~~~~~^^^^^^^^^^^^^
  File "C:\Users\qazws\PycharmProjects\anime_netflix\.venv\Lib\site-packages\django\utils\asyncio.py", line 26, in inner
    return func(*args, **kwargs)
  File "C:\Users\qazws\PycharmProjects\anime_netflix\.venv\Lib\site-packages\django\db\backends\postgresql\base.py", line 333, in get_new_connection
    connection = self.Database.connect(**conn_params)
  File "C:\Users\qazws\PycharmProjects\anime_netflix\.venv\Lib\site-packages\psycopg2\__init__.py", line 135, in connect
    conn = _connect(dsn, connection_factory=connection_factory, **kwasync)
django.db.utils.OperationalError: connection to server at "localhost" (::1), port 5432 failed: Connection refused (0x0000274D/10061)
	Is the server running on that host and accepting TCP/IP connections?
connection to server at "localhost" (127.0.0.1), port 5432 failed: Connection refused (0x0000274D/10061)
	Is the server running on that host and accepting TCP/IP connections?

2026-02-20 19:46:05,206 | ERROR | django.request | Internal Server Error: /steins-gate/ 
Traceback (most recent call last):
  File "C:\Users\qazws\PycharmProjects\anime_netflix\.venv\Lib\site-packages\django\db\backends\base\base.py", line 279, in ensure_connection
    self.connect()
    ~~~~~~~~~~~~^^
  File "C:\Users\qazws\PycharmProjects\anime_netflix\.venv\Lib\site-packages\django\utils\asyncio.py", line 26, in inner
    return func(*args, **kwargs)
  File "C:\Users\qazws\PycharmProjects\anime_netflix\.venv\Lib\site-packages\django\db\backends\base\base.py", line 256, in connect
    self.connection = self.get_new_connection(conn_params)
                      ~~~~~~~~~~~~~~~~~~~~~~~^^^^^^^^^^^^^
  File "C:\Users\qazws\PycharmProjects\anime_netflix\.venv\Lib\site-packages\django\utils\asyncio.py", line 26, in inner
    return func(*args, **kwargs)
  File "C:\Users\qazws\PycharmProjects\anime_netflix\.venv\Lib\site-packages\django\db\backends\postgresql\base.py", line 333, in get_new_connection
    connection = self.Database.connect(**conn_params)
  File "C:\Users\qazws\PycharmProjects\anime_netflix\.venv\Lib\site-packages\psycopg2\__init__.py", line 135, in connect
    conn = _connect(dsn, connection_factory=connection_factory, **kwasync)
psycopg2.OperationalError: connection to server at "localhost" (::1), port 5432 failed: Connection refused (0x0000274D/10061)
	Is the server running on that host and accepting TCP/IP connections?
connection to server at "localhost" (127.0.0.1), port 5432 failed: Connection refused (0x0000274D/10061)
	Is the server running on that host and accepting TCP/IP connections?


The above exception was the direct cause of the following exception:

Traceback (most recent call last):
  File "C:\Users\qazws\PycharmProjects\anime_netflix\.venv\Lib\site-packages\asgiref\sync.py", line 557, in thread_handler
    raise exc_info[1]
  File "C:\Users\qazws\PycharmProjects\anime_netflix\.venv\Lib\site-packages\django\core\handlers\exception.py", line 42, in inner
    response = await get_response(request)
               ^^^^^^^^^^^^^^^^^^^^^^^^^^^
  File "C:\Users\qazws\PycharmProjects\anime_netflix\.venv\Lib\site-packages\asgiref\sync.py", line 557, in thread_handler
    raise exc_info[1]
  File "C:\Users\qazws\PycharmProjects\anime_netflix\.venv\Lib\site-packages\django\core\handlers\base.py", line 254, in _get_response_async
    response = await wrapped_callback(
               ^^^^^^^^^^^^^^^^^^^^^^^
        request, *callback_args, **callback_kwargs
        ^^^^^^^^^^^^^^^^^^^^^^^^^^^^^^^^^^^^^^^^^^
    )
    ^
  File "C:\Users\qazws\PycharmProjects\anime_netflix\.venv\Lib\site-packages\asgiref\sync.py", line 506, in __call__
    ret = await asyncio.shield(exec_coro)
          ^^^^^^^^^^^^^^^^^^^^^^^^^^^^^^^
  File "C:\Users\qazws\PycharmProjects\anime_netflix\.venv\Lib\site-packages\asgiref\current_thread_executor.py", line 40, in run
    result = self.fn(*self.args, **self.kwargs)
  File "C:\Users\qazws\PycharmProjects\anime_netflix\.venv\Lib\site-packages\asgiref\sync.py", line 561, in thread_handler
    return func(*args, **kwargs)
  File "C:\Users\qazws\PycharmProjects\anime_netflix\project\mainpage\views.py", line 35, in steins_gate_page
    return _anime_page(request, "Steins;Gate", "steins-gate_page.html")
  File "C:\Users\qazws\PycharmProjects\anime_netflix\project\mainpage\views.py", line 11, in _anime_page
    anime, _ = AnimeDescription.objects.get_or_create(name=anime_name,defaults=ANIME_DEFAULTS[anime_name],)
               ~~~~~~~~~~~~~~~~~~~~~~~~~~~~~~~~~~~~~~^^^^^^^^^^^^^^^^^^^^^^^^^^^^^^^^^^^^^^^^^^^^^^^^^^^^^^
  File "C:\Users\qazws\PycharmProjects\anime_netflix\.venv\Lib\site-packages\django\db\models\manager.py", line 87, in manager_method
    return getattr(self.get_queryset(), name)(*args, **kwargs)
           ~~~~~~~~~~~~~~~~~~~~~~~~~~~~~~~~~~^^^^^^^^^^^^^^^^^
  File "C:\Users\qazws\PycharmProjects\anime_netflix\.venv\Lib\site-packages\django\db\models\query.py", line 987, in get_or_create
    return self.get(**kwargs), False
           ~~~~~~~~^^^^^^^^^^
  File "C:\Users\qazws\PycharmProjects\anime_netflix\.venv\Lib\site-packages\django\db\models\query.py", line 635, in get
    num = len(clone)
  File "C:\Users\qazws\PycharmProjects\anime_netflix\.venv\Lib\site-packages\django\db\models\query.py", line 372, in __len__
    self._fetch_all()
    ~~~~~~~~~~~~~~~^^
  File "C:\Users\qazws\PycharmProjects\anime_netflix\.venv\Lib\site-packages\django\db\models\query.py", line 2000, in _fetch_all
    self._result_cache = list(self._iterable_class(self))
                         ~~~~^^^^^^^^^^^^^^^^^^^^^^^^^^^^
  File "C:\Users\qazws\PycharmProjects\anime_netflix\.venv\Lib\site-packages\django\db\models\query.py", line 95, in __iter__
    results = compiler.execute_sql(
        chunked_fetch=self.chunked_fetch, chunk_size=self.chunk_size
    )
  File "C:\Users\qazws\PycharmProjects\anime_netflix\.venv\Lib\site-packages\django\db\models\sql\compiler.py", line 1622, in execute_sql
    cursor = self.connection.cursor()
  File "C:\Users\qazws\PycharmProjects\anime_netflix\.venv\Lib\site-packages\django\utils\asyncio.py", line 26, in inner
    return func(*args, **kwargs)
  File "C:\Users\qazws\PycharmProjects\anime_netflix\.venv\Lib\site-packages\django\db\backends\base\base.py", line 320, in cursor
    return self._cursor()
           ~~~~~~~~~~~~^^
  File "C:\Users\qazws\PycharmProjects\anime_netflix\.venv\Lib\site-packages\django\db\backends\base\base.py", line 296, in _cursor
    self.ensure_connection()
    ~~~~~~~~~~~~~~~~~~~~~~^^
  File "C:\Users\qazws\PycharmProjects\anime_netflix\.venv\Lib\site-packages\django\utils\asyncio.py", line 26, in inner
    return func(*args, **kwargs)
  File "C:\Users\qazws\PycharmProjects\anime_netflix\.venv\Lib\site-packages\django\db\backends\base\base.py", line 278, in ensure_connection
    with self.wrap_database_errors:
         ^^^^^^^^^^^^^^^^^^^^^^^^^
  File "C:\Users\qazws\PycharmProjects\anime_netflix\.venv\Lib\site-packages\django\db\utils.py", line 94, in __exit__
    raise dj_exc_value.with_traceback(traceback) from exc_value
  File "C:\Users\qazws\PycharmProjects\anime_netflix\.venv\Lib\site-packages\django\db\backends\base\base.py", line 279, in ensure_connection
    self.connect()
    ~~~~~~~~~~~~^^
  File "C:\Users\qazws\PycharmProjects\anime_netflix\.venv\Lib\site-packages\django\utils\asyncio.py", line 26, in inner
    return func(*args, **kwargs)
  File "C:\Users\qazws\PycharmProjects\anime_netflix\.venv\Lib\site-packages\django\db\backends\base\base.py", line 256, in connect
    self.connection = self.get_new_connection(conn_params)
                      ~~~~~~~~~~~~~~~~~~~~~~~^^^^^^^^^^^^^
  File "C:\Users\qazws\PycharmProjects\anime_netflix\.venv\Lib\site-packages\django\utils\asyncio.py", line 26, in inner
    return func(*args, **kwargs)
  File "C:\Users\qazws\PycharmProjects\anime_netflix\.venv\Lib\site-packages\django\db\backends\postgresql\base.py", line 333, in get_new_connection
    connection = self.Database.connect(**conn_params)
  File "C:\Users\qazws\PycharmProjects\anime_netflix\.venv\Lib\site-packages\psycopg2\__init__.py", line 135, in connect
    conn = _connect(dsn, connection_factory=connection_factory, **kwasync)
django.db.utils.OperationalError: connection to server at "localhost" (::1), port 5432 failed: Connection refused (0x0000274D/10061)
	Is the server running on that host and accepting TCP/IP connections?
connection to server at "localhost" (127.0.0.1), port 5432 failed: Connection refused (0x0000274D/10061)
	Is the server running on that host and accepting TCP/IP connections?

2026-02-20 20:08:39,884 | INFO | mainpage.views | Steins Gate page opened , user=None 
